app/build/outputs/logs/manifest-merger-debug-report.txt
-- Merging decision tree log ---
manifest
ADDED from src\main\AndroidManifest.xml:2:1-62:12
	package
		ADDED from src\main\AndroidManifest.xml:3:5-39
		INJECTED from src\main\AndroidManifest.xml
		INJECTED from src\main\AndroidManifest.xml
	android:versionName
		ADDED from src\main\AndroidManifest.xml:5:5-30
		INJECTED from src\main\AndroidManifest.xml
		INJECTED from src\main\AndroidManifest.xml
	android:versionCode
		ADDED from src\main\AndroidManifest.xml:4:5-28
		INJECTED from src\main\AndroidManifest.xml
		INJECTED from src\main\AndroidManifest.xml
	xmlns:android
		ADDED from src\main\AndroidManifest.xml:2:11-69
uses-sdk
ADDED from src\main\AndroidManifest.xml:7:5-9:41
	android:targetSdkVersion
		ADDED from src\main\AndroidManifest.xml:9:9-38
		INJECTED from src\main\AndroidManifest.xml
		INJECTED from src\main\AndroidManifest.xml
	android:minSdkVersion
		ADDED from src\main\AndroidManifest.xml:8:9-34
		INJECTED from src\main\AndroidManifest.xml
		INJECTED from src\main\AndroidManifest.xml
uses-permission#android.permission.INTERNET
ADDED from src\main\AndroidManifest.xml:11:5-67
	android:name
		ADDED from src\main\AndroidManifest.xml:11:22-64
uses-permission#android.permission.ACCESS_WIFI_STATE
ADDED from src\main\AndroidManifest.xml:12:5-76
	android:name
		ADDED from src\main\AndroidManifest.xml:12:22-73
uses-permission#android.permission.ACCESS_NETWORK_STATE
ADDED from src\main\AndroidManifest.xml:13:5-79
	android:name
		ADDED from src\main\AndroidManifest.xml:13:22-76
uses-permission#android.permission.WRITE_APN_SETTINGS
ADDED from src\main\AndroidManifest.xml:14:5-77
	android:name
		ADDED from src\main\AndroidManifest.xml:14:22-74
uses-permission#android.permission.CHANGE_WIFI_STATE
ADDED from src\main\AndroidManifest.xml:15:5-76
	android:name
		ADDED from src\main\AndroidManifest.xml:15:22-73
uses-permission#android.permission.WRITE_EXTERNAL_STORAGE
ADDED from src\main\AndroidManifest.xml:16:5-81
	android:name
		ADDED from src\main\AndroidManifest.xml:16:22-78
uses-permission#android.permission.READ_PHONE_STATE
ADDED from src\main\AndroidManifest.xml:17:5-75
	android:name
		ADDED from src\main\AndroidManifest.xml:17:22-72
application
ADDED from src\main\AndroidManifest.xml:19:5-60:19
	android:label
		ADDED from src\main\AndroidManifest.xml:22:9-41
	android:allowBackup
		ADDED from src\main\AndroidManifest.xml:20:9-35
	android:icon
		ADDED from src\main\AndroidManifest.xml:21:9-45
	android:theme
		ADDED from src\main\AndroidManifest.xml:23:9-40
activity#com.yangyu.activity.MainActivity
ADDED from src\main\AndroidManifest.xml:24:9-32:20
	android:label
		ADDED from src\main\AndroidManifest.xml:26:13-45
	android:name
		ADDED from src\main\AndroidManifest.xml:25:13-60
intent-filter#android.intent.action.MAIN+android.intent.category.LAUNCHER
ADDED from src\main\AndroidManifest.xml:27:13-31:29
action#android.intent.action.MAIN
ADDED from src\main\AndroidManifest.xml:28:17-69
	android:name
		ADDED from src\main\AndroidManifest.xml:28:25-66
category#android.intent.category.LAUNCHER
ADDED from src\main\AndroidManifest.xml:30:17-77
	android:name
		ADDED from src\main\AndroidManifest.xml:30:27-74
activity#cn.sharesdk.framework.AuthorizeActivity
ADDED from src\main\AndroidManifest.xml:34:9-40:20
	android:screenOrientation
		ADDED from src\main\AndroidManifest.xml:37:13-49
	android:windowSoftInputMode
		ADDED from src\main\AndroidManifest.xml:39:13-67
	android:configChanges
		ADDED from src\main\AndroidManifest.xml:36:13-63
	android:theme
		ADDED from src\main\AndroidManifest.xml:38:13-72
	android:name
		ADDED from src\main\AndroidManifest.xml:35:13-67
activity#com.yangyu.activity.AuthActivity
ADDED from src\main\AndroidManifest.xml:42:9-43:20
	android:name
		ADDED from src\main\AndroidManifest.xml:42:19-66
activity#cn.sharesdk.onekeyshare.ShareAllGird
ADDED from src\main\AndroidManifest.xml:45:9-50:67
	android:screenOrientation
		ADDED from src\main\AndroidManifest.xml:48:13-49
	android:windowSoftInputMode
		ADDED from src\main\AndroidManifest.xml:50:13-64
	android:configChanges
		ADDED from src\main\AndroidManifest.xml:47:13-63
	android:theme
		ADDED from src\main\AndroidManifest.xml:49:13-72
	android:name
		ADDED from src\main\AndroidManifest.xml:46:13-64
activity#cn.sharesdk.onekeyshare.SharePage
ADDED from src\main\AndroidManifest.xml:52:9-56:70
	android:screenOrientation
		ADDED from src\main\AndroidManifest.xml:55:13-49
	android:windowSoftInputMode
		ADDED from src\main\AndroidManifest.xml:56:13-67
	android:configChanges
		ADDED from src\main\AndroidManifest.xml:54:13-63
	android:name
		ADDED from src\main\AndroidManifest.xml:53:13-61
activity#com.yangyu.activity.ShowInforActivity
ADDED from src\main\AndroidManifest.xml:58:9-83
	android:name
		ADDED from src\main\AndroidManifest.xml:58:19-71
activity#com.yangyu.activity.GetInforActivity
ADDED from src\main\AndroidManifest.xml:59:9-82
	android:name
		ADDED from src\main\AndroidManifest.xml:59:19-70